<?xml version="1.0" encoding="UTF-8"?>
<testsuite name="com.example.onemorechapter.ExampleUnitTest" tests="1" skipped="0" failures="0" errors="0" timestamp="2019-03-27T10:41:49" hostname="realMagic" time="0.001">
  <properties/>
  <testcase name="addition_isCorrect" classname="com.example.onemorechapter.ExampleUnitTest" time="0.001"/>
  <system-out><![CDATA[]]></system-out>
  <system-err><![CDATA[]]></system-err>
</testsuite>
